<?xml version="1.0" encoding="UTF-8"?>
<!-- Generated by org.testng.reporters.JUnitReportReporter -->
<testsuite hostname="DESKTOP-U4UQMLD" failures="0" tests="3" name="dataprovider_Demo.Detaprovider_Class1" time="40.069" errors="0" timestamp="2023-03-12T21:03:17 IST" skipped="0">
  <testcase classname="dataprovider_Demo.Detaprovider_Class1" name="login" time="2.881"/>
  <system-out/>
  <testcase classname="dataprovider_Demo.Detaprovider_Class1" name="login" time="20.942"/>
  <system-out/>
  <testcase classname="dataprovider_Demo.Detaprovider_Class1" name="login" time="16.246"/>
  <system-out/>
</testsuite> <!-- dataprovider_Demo.Detaprovider_Class1 -->
